2022-02-24 12:02:20 0 [Note] InnoDB: Mutexes and rw_locks use Windows interlocked functions
2022-02-24 12:02:20 0 [Note] InnoDB: Uses event mutexes
2022-02-24 12:02:20 0 [Note] InnoDB: Compressed tables use zlib 1.2.11
2022-02-24 12:02:20 0 [Note] InnoDB: Number of pools: 1
2022-02-24 12:02:20 0 [Note] InnoDB: Using SSE2 crc32 instructions
2022-02-24 12:02:20 0 [Note] InnoDB: Initializing buffer pool, total size = 16M, instances = 1, chunk size = 16M
2022-02-24 12:02:20 0 [Note] InnoDB: Completed initialization of buffer pool
2022-02-24 12:02:20 0 [Note] InnoDB: Starting crash recovery from checkpoint LSN=300288
2022-02-24 12:02:21 0 [Note] InnoDB: 128 out of 128 rollback segments are active.
2022-02-24 12:02:21 0 [Note] InnoDB: Removed temporary tablespace data file: "ibtmp1"
2022-02-24 12:02:21 0 [Note] InnoDB: Creating shared tablespace for temporary tables
2022-02-24 12:02:21 0 [Note] InnoDB: Setting file 'C:\xampp\mysql\data\ibtmp1' size to 12 MB. Physically writing the file full; Please wait ...
2022-02-24 12:02:21 0 [Note] InnoDB: File 'C:\xampp\mysql\data\ibtmp1' size is now 12 MB.
2022-02-24 12:02:21 0 [Note] InnoDB: Waiting for purge to start
2022-02-24 12:02:21 0 [Note] InnoDB: 10.4.22 started; log sequence number 300297; transaction id 170
2022-02-24 12:02:21 0 [Note] InnoDB: Loading buffer pool(s) from C:\xampp\mysql\data\ib_buffer_pool
2022-02-24 12:02:21 0 [Note] Plugin 'FEEDBACK' is disabled.
2022-02-24 12:02:21 0 [Note] Server socket created on IP: '::'.
2022-02-28  9:03:49 0 [Note] InnoDB: Mutexes and rw_locks use Windows interlocked functions
2022-02-28  9:03:49 0 [Note] InnoDB: Uses event mutexes
2022-02-28  9:03:49 0 [Note] InnoDB: Compressed tables use zlib 1.2.11
2022-02-28  9:03:49 0 [Note] InnoDB: Number of pools: 1
2022-02-28  9:03:49 0 [Note] InnoDB: Using SSE2 crc32 instructions
2022-02-28  9:03:49 0 [Note] InnoDB: Initializing buffer pool, total size = 16M, instances = 1, chunk size = 16M
2022-02-28  9:03:49 0 [Note] InnoDB: Completed initialization of buffer pool
2022-02-28  9:03:49 0 [Note] InnoDB: Starting crash recovery from checkpoint LSN=301038
2022-02-28  9:03:49 0 [Note] InnoDB: 128 out of 128 rollback segments are active.
2022-02-28  9:03:49 0 [Note] InnoDB: Removed temporary tablespace data file: "ibtmp1"
2022-02-28  9:03:49 0 [Note] InnoDB: Creating shared tablespace for temporary tables
2022-02-28  9:03:49 0 [Note] InnoDB: Setting file 'C:\xampp\mysql\data\ibtmp1' size to 12 MB. Physically writing the file full; Please wait ...
2022-02-28  9:03:49 0 [Note] InnoDB: File 'C:\xampp\mysql\data\ibtmp1' size is now 12 MB.
2022-02-28  9:03:49 0 [Note] InnoDB: Waiting for purge to start
2022-02-28  9:03:49 0 [Note] InnoDB: 10.4.22 started; log sequence number 301047; transaction id 195
2022-02-28  9:03:49 0 [Note] InnoDB: Loading buffer pool(s) from C:\xampp\mysql\data\ib_buffer_pool
2022-02-28  9:03:49 0 [Note] Plugin 'FEEDBACK' is disabled.
2022-02-28  9:03:49 0 [Note] InnoDB: Buffer pool(s) load completed at 220228  9:03:49
2022-02-28  9:03:49 0 [Note] Server socket created on IP: '::'.
2022-03-01 17:13:47 0 [Note] mysqld.exe: Aria engine: starting recovery
recovered pages: 0% 11% 44% 65% 85% 96% 100% (0.0 seconds); tables to flush: 2 1 0
 (0.0 seconds); 
2022-03-01 17:13:47 0 [Note] mysqld.exe: Aria engine: recovery done
2022-03-01 17:13:47 0 [Note] InnoDB: Mutexes and rw_locks use Windows interlocked functions
2022-03-01 17:13:47 0 [Note] InnoDB: Uses event mutexes
2022-03-01 17:13:47 0 [Note] InnoDB: Compressed tables use zlib 1.2.11
2022-03-01 17:13:47 0 [Note] InnoDB: Number of pools: 1
2022-03-01 17:13:47 0 [Note] InnoDB: Using SSE2 crc32 instructions
2022-03-01 17:13:47 0 [Note] InnoDB: Initializing buffer pool, total size = 16M, instances = 1, chunk size = 16M
2022-03-01 17:13:47 0 [Note] InnoDB: Completed initialization of buffer pool
2022-03-01 17:13:47 0 [Note] InnoDB: Starting crash recovery from checkpoint LSN=2407072
2022-03-01 17:13:48 0 [Note] InnoDB: 128 out of 128 rollback segments are active.
2022-03-01 17:13:48 0 [Note] InnoDB: Removed temporary tablespace data file: "ibtmp1"
2022-03-01 17:13:48 0 [Note] InnoDB: Creating shared tablespace for temporary tables
2022-03-01 17:13:48 0 [Note] InnoDB: Setting file 'C:\xampp\mysql\data\ibtmp1' size to 12 MB. Physically writing the file full; Please wait ...
2022-03-01 17:13:48 0 [Note] InnoDB: File 'C:\xampp\mysql\data\ibtmp1' size is now 12 MB.
2022-03-01 17:13:48 0 [Note] InnoDB: Waiting for purge to start
2022-03-01 17:13:48 0 [Note] InnoDB: 10.4.22 started; log sequence number 2407081; transaction id 1059
2022-03-01 17:13:48 0 [Note] InnoDB: Loading buffer pool(s) from C:\xampp\mysql\data\ib_buffer_pool
2022-03-01 17:13:48 0 [Note] Plugin 'FEEDBACK' is disabled.
2022-03-01 17:13:48 0 [Note] InnoDB: Buffer pool(s) load completed at 220301 17:13:48
2022-03-01 17:13:48 0 [Note] Server socket created on IP: '::'.
2022-03-07  9:21:41 0 [Note] InnoDB: Mutexes and rw_locks use Windows interlocked functions
2022-03-07  9:21:41 0 [Note] InnoDB: Uses event mutexes
2022-03-07  9:21:41 0 [Note] InnoDB: Compressed tables use zlib 1.2.11
2022-03-07  9:21:41 0 [Note] InnoDB: Number of pools: 1
2022-03-07  9:21:41 0 [Note] InnoDB: Using SSE2 crc32 instructions
2022-03-07  9:21:41 0 [Note] InnoDB: Initializing buffer pool, total size = 16M, instances = 1, chunk size = 16M
2022-03-07  9:21:41 0 [Note] InnoDB: Completed initialization of buffer pool
2022-03-07  9:21:41 0 [Note] InnoDB: Starting crash recovery from checkpoint LSN=2412277
2022-03-07  9:21:41 0 [Note] InnoDB: 128 out of 128 rollback segments are active.
2022-03-07  9:21:41 0 [Note] InnoDB: Removed temporary tablespace data file: "ibtmp1"
2022-03-07  9:21:41 0 [Note] InnoDB: Creating shared tablespace for temporary tables
2022-03-07  9:21:41 0 [Note] InnoDB: Setting file 'C:\xampp\mysql\data\ibtmp1' size to 12 MB. Physically writing the file full; Please wait ...
2022-03-07  9:21:41 0 [Note] InnoDB: File 'C:\xampp\mysql\data\ibtmp1' size is now 12 MB.
2022-03-07  9:21:41 0 [Note] InnoDB: Waiting for purge to start
2022-03-07  9:21:41 0 [Note] InnoDB: 10.4.22 started; log sequence number 2412286; transaction id 1095
2022-03-07  9:21:41 0 [Note] InnoDB: Loading buffer pool(s) from C:\xampp\mysql\data\ib_buffer_pool
2022-03-07  9:21:41 0 [Note] Plugin 'FEEDBACK' is disabled.
2022-03-07  9:21:41 0 [Note] InnoDB: Buffer pool(s) load completed at 220307  9:21:41
2022-03-07  9:21:41 0 [Note] Server socket created on IP: '::'.
2022-03-07  9:45:28 0 [Note] InnoDB: Mutexes and rw_locks use Windows interlocked functions
2022-03-07  9:45:28 0 [Note] InnoDB: Uses event mutexes
2022-03-07  9:45:28 0 [Note] InnoDB: Compressed tables use zlib 1.2.11
2022-03-07  9:45:28 0 [Note] InnoDB: Number of pools: 1
2022-03-07  9:45:28 0 [Note] InnoDB: Using SSE2 crc32 instructions
2022-03-07  9:45:28 0 [Note] InnoDB: Initializing buffer pool, total size = 16M, instances = 1, chunk size = 16M
2022-03-07  9:45:28 0 [Note] InnoDB: Completed initialization of buffer pool
2022-03-07  9:45:28 0 [Note] InnoDB: Starting crash recovery from checkpoint LSN=2447816
2022-03-07  9:45:28 0 [Note] InnoDB: 128 out of 128 rollback segments are active.
2022-03-07  9:45:28 0 [Note] InnoDB: Removed temporary tablespace data file: "ibtmp1"
2022-03-07  9:45:28 0 [Note] InnoDB: Creating shared tablespace for temporary tables
2022-03-07  9:45:28 0 [Note] InnoDB: Setting file 'C:\xampp\mysql\data\ibtmp1' size to 12 MB. Physically writing the file full; Please wait ...
2022-03-07  9:45:28 0 [Note] InnoDB: File 'C:\xampp\mysql\data\ibtmp1' size is now 12 MB.
2022-03-07  9:45:28 0 [Note] InnoDB: Waiting for purge to start
2022-03-07  9:45:28 0 [Note] InnoDB: 10.4.22 started; log sequence number 2447825; transaction id 1143
2022-03-07  9:45:28 0 [Note] InnoDB: Loading buffer pool(s) from C:\xampp\mysql\data\ib_buffer_pool
2022-03-07  9:45:28 0 [Note] Plugin 'FEEDBACK' is disabled.
2022-03-07  9:45:28 0 [Note] Server socket created on IP: '::'.
2022-03-09 12:14:59 0 [Note] InnoDB: Mutexes and rw_locks use Windows interlocked functions
2022-03-09 12:14:59 0 [Note] InnoDB: Uses event mutexes
2022-03-09 12:14:59 0 [Note] InnoDB: Compressed tables use zlib 1.2.11
2022-03-09 12:14:59 0 [Note] InnoDB: Number of pools: 1
2022-03-09 12:14:59 0 [Note] InnoDB: Using SSE2 crc32 instructions
2022-03-09 12:14:59 0 [Note] InnoDB: Initializing buffer pool, total size = 16M, instances = 1, chunk size = 16M
2022-03-09 12:14:59 0 [Note] InnoDB: Completed initialization of buffer pool
2022-03-09 12:14:59 0 [Note] InnoDB: Starting crash recovery from checkpoint LSN=3153033
2022-03-09 12:14:59 0 [Note] InnoDB: 128 out of 128 rollback segments are active.
2022-03-09 12:14:59 0 [Note] InnoDB: Removed temporary tablespace data file: "ibtmp1"
2022-03-09 12:14:59 0 [Note] InnoDB: Creating shared tablespace for temporary tables
2022-03-09 12:14:59 0 [Note] InnoDB: Setting file 'C:\xampp\mysql\data\ibtmp1' size to 12 MB. Physically writing the file full; Please wait ...
2022-03-09 12:14:59 0 [Note] InnoDB: File 'C:\xampp\mysql\data\ibtmp1' size is now 12 MB.
2022-03-09 12:14:59 0 [Note] InnoDB: Waiting for purge to start
2022-03-09 12:14:59 0 [Note] InnoDB: 10.4.22 started; log sequence number 3153042; transaction id 2063
2022-03-09 12:14:59 0 [Note] InnoDB: Loading buffer pool(s) from C:\xampp\mysql\data\ib_buffer_pool
2022-03-09 12:14:59 0 [Note] Plugin 'FEEDBACK' is disabled.
2022-03-09 12:14:59 0 [Note] InnoDB: Buffer pool(s) load completed at 220309 12:14:59
2022-03-09 12:15:00 0 [Note] Server socket created on IP: '::'.
